Determining if the include file endian.h exists failed with the following output:
Change Dir: /Users/tryznav/TestApp/TestApp/build/tmp/CMakeFiles/CMakeTmp

Run Build Command(s):/usr/bin/make cmTC_708ad/fast && /Library/Developer/CommandLineTools/usr/bin/make  -f CMakeFiles/cmTC_708ad.dir/build.make CMakeFiles/cmTC_708ad.dir/build
Building C object CMakeFiles/cmTC_708ad.dir/CheckIncludeFile.c.o
/Library/Developer/CommandLineTools/usr/bin/cc -D_GNU_SOURCE  -isysroot /Library/Developer/CommandLineTools/SDKs/MacOSX10.15.sdk -fPIE   -o CMakeFiles/cmTC_708ad.dir/CheckIncludeFile.c.o   -c /Users/tryznav/TestApp/TestApp/build/tmp/CMakeFiles/CMakeTmp/CheckIncludeFile.c
/Users/tryznav/TestApp/TestApp/build/tmp/CMakeFiles/CMakeTmp/CheckIncludeFile.c:1:10: fatal error: 'endian.h' file not found
#include <endian.h>
         ^~~~~~~~~~
1 error generated.
make[1]: *** [CMakeFiles/cmTC_708ad.dir/CheckIncludeFile.c.o] Error 1
make: *** [cmTC_708ad/fast] Error 2



Determining if the include file sys/random.h exists failed with the following output:
Change Dir: /Users/tryznav/TestApp/TestApp/build/tmp/CMakeFiles/CMakeTmp

Run Build Command(s):/usr/bin/make cmTC_b44b8/fast && /Library/Developer/CommandLineTools/usr/bin/make  -f CMakeFiles/cmTC_b44b8.dir/build.make CMakeFiles/cmTC_b44b8.dir/build
Building C object CMakeFiles/cmTC_b44b8.dir/CheckIncludeFile.c.o
/Library/Developer/CommandLineTools/usr/bin/cc -D_GNU_SOURCE  -isysroot /Library/Developer/CommandLineTools/SDKs/MacOSX10.15.sdk -fPIE   -o CMakeFiles/cmTC_b44b8.dir/CheckIncludeFile.c.o   -c /Users/tryznav/TestApp/TestApp/build/tmp/CMakeFiles/CMakeTmp/CheckIncludeFile.c
In file included from /Users/tryznav/TestApp/TestApp/build/tmp/CMakeFiles/CMakeTmp/CheckIncludeFile.c:1:
/Library/Developer/CommandLineTools/SDKs/MacOSX10.15.sdk/usr/include/sys/random.h:36:21: error: expected parameter declarator
    __OSX_AVAILABLE(10.12) __IOS_AVAILABLE(10.0) __TVOS_AVAILABLE(10.0) __WATCHOS_AVAILABLE(3.0)
                    ^
/Library/Developer/CommandLineTools/SDKs/MacOSX10.15.sdk/usr/include/sys/random.h:36:21: error: expected ')'
/Library/Developer/CommandLineTools/SDKs/MacOSX10.15.sdk/usr/include/sys/random.h:36:20: note: to match this '('
    __OSX_AVAILABLE(10.12) __IOS_AVAILABLE(10.0) __TVOS_AVAILABLE(10.0) __WATCHOS_AVAILABLE(3.0)
                   ^
/Library/Developer/CommandLineTools/SDKs/MacOSX10.15.sdk/usr/include/sys/random.h:36:28: error: expected function body after function declarator
    __OSX_AVAILABLE(10.12) __IOS_AVAILABLE(10.0) __TVOS_AVAILABLE(10.0) __WATCHOS_AVAILABLE(3.0)
                           ^
3 errors generated.
make[1]: *** [CMakeFiles/cmTC_b44b8.dir/CheckIncludeFile.c.o] Error 1
make: *** [cmTC_b44b8/fast] Error 2



Determining if the _isnan exist failed with the following output:
Change Dir: /Users/tryznav/TestApp/TestApp/build/tmp/CMakeFiles/CMakeTmp

Run Build Command(s):/usr/bin/make cmTC_a32c7/fast && /Library/Developer/CommandLineTools/usr/bin/make  -f CMakeFiles/cmTC_a32c7.dir/build.make CMakeFiles/cmTC_a32c7.dir/build
Building C object CMakeFiles/cmTC_a32c7.dir/CheckSymbolExists.c.o
/Library/Developer/CommandLineTools/usr/bin/cc -D_GNU_SOURCE  -isysroot /Library/Developer/CommandLineTools/SDKs/MacOSX10.15.sdk -fPIE   -o CMakeFiles/cmTC_a32c7.dir/CheckSymbolExists.c.o   -c /Users/tryznav/TestApp/TestApp/build/tmp/CMakeFiles/CMakeTmp/CheckSymbolExists.c
/Users/tryznav/TestApp/TestApp/build/tmp/CMakeFiles/CMakeTmp/CheckSymbolExists.c:8:19: error: use of undeclared identifier '_isnan'
  return ((int*)(&_isnan))[argc];
                  ^
1 error generated.
make[1]: *** [CMakeFiles/cmTC_a32c7.dir/CheckSymbolExists.c.o] Error 1
make: *** [cmTC_a32c7/fast] Error 2


File /Users/tryznav/TestApp/TestApp/build/tmp/CMakeFiles/CMakeTmp/CheckSymbolExists.c:
/* */
#include <float.h>

int main(int argc, char** argv)
{
  (void)argv;
#ifndef _isnan
  return ((int*)(&_isnan))[argc];
#else
  (void)argc;
  return 0;
#endif
}
Determining if the _finite exist failed with the following output:
Change Dir: /Users/tryznav/TestApp/TestApp/build/tmp/CMakeFiles/CMakeTmp

Run Build Command(s):/usr/bin/make cmTC_161d2/fast && /Library/Developer/CommandLineTools/usr/bin/make  -f CMakeFiles/cmTC_161d2.dir/build.make CMakeFiles/cmTC_161d2.dir/build
Building C object CMakeFiles/cmTC_161d2.dir/CheckSymbolExists.c.o
/Library/Developer/CommandLineTools/usr/bin/cc -D_GNU_SOURCE  -isysroot /Library/Developer/CommandLineTools/SDKs/MacOSX10.15.sdk -fPIE   -o CMakeFiles/cmTC_161d2.dir/CheckSymbolExists.c.o   -c /Users/tryznav/TestApp/TestApp/build/tmp/CMakeFiles/CMakeTmp/CheckSymbolExists.c
/Users/tryznav/TestApp/TestApp/build/tmp/CMakeFiles/CMakeTmp/CheckSymbolExists.c:8:19: error: use of undeclared identifier '_finite'
  return ((int*)(&_finite))[argc];
                  ^
1 error generated.
make[1]: *** [CMakeFiles/cmTC_161d2.dir/CheckSymbolExists.c.o] Error 1
make: *** [cmTC_161d2/fast] Error 2


File /Users/tryznav/TestApp/TestApp/build/tmp/CMakeFiles/CMakeTmp/CheckSymbolExists.c:
/* */
#include <float.h>

int main(int argc, char** argv)
{
  (void)argv;
#ifndef _finite
  return ((int*)(&_finite))[argc];
#else
  (void)argc;
  return 0;
#endif
}
Determining if the _doprnt exist failed with the following output:
Change Dir: /Users/tryznav/TestApp/TestApp/build/tmp/CMakeFiles/CMakeTmp

Run Build Command(s):/usr/bin/make cmTC_6203e/fast && /Library/Developer/CommandLineTools/usr/bin/make  -f CMakeFiles/cmTC_6203e.dir/build.make CMakeFiles/cmTC_6203e.dir/build
Building C object CMakeFiles/cmTC_6203e.dir/CheckSymbolExists.c.o
/Library/Developer/CommandLineTools/usr/bin/cc -D_GNU_SOURCE  -isysroot /Library/Developer/CommandLineTools/SDKs/MacOSX10.15.sdk -fPIE   -o CMakeFiles/cmTC_6203e.dir/CheckSymbolExists.c.o   -c /Users/tryznav/TestApp/TestApp/build/tmp/CMakeFiles/CMakeTmp/CheckSymbolExists.c
/Users/tryznav/TestApp/TestApp/build/tmp/CMakeFiles/CMakeTmp/CheckSymbolExists.c:8:19: error: use of undeclared identifier '_doprnt'; did you mean 'fdopen'?
  return ((int*)(&_doprnt))[argc];
                  ^~~~~~~
                  fdopen
/Library/Developer/CommandLineTools/SDKs/MacOSX10.15.sdk/usr/include/stdio.h:210:7: note: 'fdopen' declared here
FILE    *fdopen(int, const char *) __DARWIN_ALIAS_STARTING(__MAC_10_6, __IPHONE_2_0, __DARWIN_ALIAS(fdopen));
         ^
1 error generated.
make[1]: *** [CMakeFiles/cmTC_6203e.dir/CheckSymbolExists.c.o] Error 1
make: *** [cmTC_6203e/fast] Error 2


File /Users/tryznav/TestApp/TestApp/build/tmp/CMakeFiles/CMakeTmp/CheckSymbolExists.c:
/* */
#include <stdio.h>

int main(int argc, char** argv)
{
  (void)argv;
#ifndef _doprnt
  return ((int*)(&_doprnt))[argc];
#else
  (void)argc;
  return 0;
#endif
}
Determining if the uselocale exist failed with the following output:
Change Dir: /Users/tryznav/TestApp/TestApp/build/tmp/CMakeFiles/CMakeTmp

Run Build Command(s):/usr/bin/make cmTC_8c433/fast && /Library/Developer/CommandLineTools/usr/bin/make  -f CMakeFiles/cmTC_8c433.dir/build.make CMakeFiles/cmTC_8c433.dir/build
Building C object CMakeFiles/cmTC_8c433.dir/CheckSymbolExists.c.o
/Library/Developer/CommandLineTools/usr/bin/cc -D_GNU_SOURCE  -isysroot /Library/Developer/CommandLineTools/SDKs/MacOSX10.15.sdk -fPIE   -o CMakeFiles/cmTC_8c433.dir/CheckSymbolExists.c.o   -c /Users/tryznav/TestApp/TestApp/build/tmp/CMakeFiles/CMakeTmp/CheckSymbolExists.c
/Users/tryznav/TestApp/TestApp/build/tmp/CMakeFiles/CMakeTmp/CheckSymbolExists.c:8:19: error: use of undeclared identifier 'uselocale'; did you mean 'setlocale'?
  return ((int*)(&uselocale))[argc];
                  ^~~~~~~~~
                  setlocale
/Library/Developer/CommandLineTools/SDKs/MacOSX10.15.sdk/usr/include/locale.h:53:8: note: 'setlocale' declared here
char            *setlocale(int, const char *);
                 ^
1 error generated.
make[1]: *** [CMakeFiles/cmTC_8c433.dir/CheckSymbolExists.c.o] Error 1
make: *** [cmTC_8c433/fast] Error 2


File /Users/tryznav/TestApp/TestApp/build/tmp/CMakeFiles/CMakeTmp/CheckSymbolExists.c:
/* */
#include <locale.h>

int main(int argc, char** argv)
{
  (void)argv;
#ifndef uselocale
  return ((int*)(&uselocale))[argc];
#else
  (void)argc;
  return 0;
#endif
}
Performing C SOURCE FILE Test HAS_GNU_WARNING_LONG failed with the following output:
Change Dir: /Users/tryznav/TestApp/TestApp/build/tmp/CMakeFiles/CMakeTmp

Run Build Command(s):/usr/bin/make cmTC_cf29f/fast && /Library/Developer/CommandLineTools/usr/bin/make  -f CMakeFiles/cmTC_cf29f.dir/build.make CMakeFiles/cmTC_cf29f.dir/build
Building C object CMakeFiles/cmTC_cf29f.dir/src.c.o
/Library/Developer/CommandLineTools/usr/bin/cc -D_GNU_SOURCE  -DHAS_GNU_WARNING_LONG -isysroot /Library/Developer/CommandLineTools/SDKs/MacOSX10.15.sdk -fPIE   -o CMakeFiles/cmTC_cf29f.dir/src.c.o   -c /Users/tryznav/TestApp/TestApp/build/tmp/CMakeFiles/CMakeTmp/src.c
/Users/tryznav/TestApp/TestApp/build/tmp/CMakeFiles/CMakeTmp/src.c:3:9: warning: missing terminating '"' character [-Winvalid-pp-token]
__asm__(".section .gnu.json_object_get
        ^
/Users/tryznav/TestApp/TestApp/build/tmp/CMakeFiles/CMakeTmp/src.c:3:9: error: expected string literal in 'asm'
/Users/tryznav/TestApp/TestApp/build/tmp/CMakeFiles/CMakeTmp/src.c:5:7: warning: missing terminating '"' character [-Winvalid-pp-token]
        .text");
             ^
/Users/tryznav/TestApp/TestApp/build/tmp/CMakeFiles/CMakeTmp/src.c:6:38: error: expected ';' after top-level asm block
int main(int c, char *v) { return 0;}
                                     ^
                                     ;
2 warnings and 2 errors generated.
make[1]: *** [CMakeFiles/cmTC_cf29f.dir/src.c.o] Error 1
make: *** [cmTC_cf29f/fast] Error 2


Source file was:

extern void json_object_get();
__asm__(".section .gnu.json_object_get
	.ascii "Please link against libjson-c instead of libjson"
	.text");
int main(int c, char *v) { return 0;}

Performing C SOURCE FILE Test BSYMBOLIC_WORKS failed with the following output:
Change Dir: /Users/tryznav/TestApp/TestApp/build/tmp/CMakeFiles/CMakeTmp

Run Build Command(s):/usr/bin/make cmTC_8ff66/fast && /Library/Developer/CommandLineTools/usr/bin/make  -f CMakeFiles/cmTC_8ff66.dir/build.make CMakeFiles/cmTC_8ff66.dir/build
Building C object CMakeFiles/cmTC_8ff66.dir/src.c.o
/Library/Developer/CommandLineTools/usr/bin/cc -D_GNU_SOURCE  -DBSYMBOLIC_WORKS -isysroot /Library/Developer/CommandLineTools/SDKs/MacOSX10.15.sdk -fPIE   -o CMakeFiles/cmTC_8ff66.dir/src.c.o   -c /Users/tryznav/TestApp/TestApp/build/tmp/CMakeFiles/CMakeTmp/src.c
Linking C executable cmTC_8ff66
/usr/local/Cellar/cmake/3.17.2/bin/cmake -E cmake_link_script CMakeFiles/cmTC_8ff66.dir/link.txt --verbose=1
/Library/Developer/CommandLineTools/usr/bin/cc  -DBSYMBOLIC_WORKS -isysroot /Library/Developer/CommandLineTools/SDKs/MacOSX10.15.sdk -Wl,-search_paths_first -Wl,-headerpad_max_install_names   CMakeFiles/cmTC_8ff66.dir/src.c.o  -o cmTC_8ff66  -lm -Wl,-Bsymbolic-functions 
ld: unknown option: -Bsymbolic-functions
clang: error: linker command failed with exit code 1 (use -v to see invocation)
make[1]: *** [cmTC_8ff66] Error 1
make: *** [cmTC_8ff66/fast] Error 2


Source file was:

	int main (void)
	{
	  return 0;
	}
	
Performing C SOURCE FILE Test VERSION_SCRIPT_WORKS failed with the following output:
Change Dir: /Users/tryznav/TestApp/TestApp/build/tmp/CMakeFiles/CMakeTmp

Run Build Command(s):/usr/bin/make cmTC_ed907/fast && /Library/Developer/CommandLineTools/usr/bin/make  -f CMakeFiles/cmTC_ed907.dir/build.make CMakeFiles/cmTC_ed907.dir/build
Building C object CMakeFiles/cmTC_ed907.dir/src.c.o
/Library/Developer/CommandLineTools/usr/bin/cc -D_GNU_SOURCE  -DVERSION_SCRIPT_WORKS -isysroot /Library/Developer/CommandLineTools/SDKs/MacOSX10.15.sdk -fPIE   -o CMakeFiles/cmTC_ed907.dir/src.c.o   -c /Users/tryznav/TestApp/TestApp/build/tmp/CMakeFiles/CMakeTmp/src.c
Linking C executable cmTC_ed907
/usr/local/Cellar/cmake/3.17.2/bin/cmake -E cmake_link_script CMakeFiles/cmTC_ed907.dir/link.txt --verbose=1
/Library/Developer/CommandLineTools/usr/bin/cc  -DVERSION_SCRIPT_WORKS -isysroot /Library/Developer/CommandLineTools/SDKs/MacOSX10.15.sdk -Wl,-search_paths_first -Wl,-headerpad_max_install_names   CMakeFiles/cmTC_ed907.dir/src.c.o  -o cmTC_ed907  -lm -Wl,--version-script,/Users/tryznav/TestApp/TestApp/build/tmp/Libs/json-c/check-version-script.sym 
ld: unknown option: --version-script
clang: error: linker command failed with exit code 1 (use -v to see invocation)
make[1]: *** [cmTC_ed907] Error 1
make: *** [cmTC_ed907/fast] Error 2


Source file was:

	int main (void)
	{
	  return 0;
	}
	
